# JRE version: OpenJDK Runtime Environment Corretto-11.0.14.10.1 (11.0.14.1+10) (build 11.0.14.1+10-LTS)
# Java VM: OpenJDK 64-Bit Server VM Corretto-11.0.14.10.1 (11.0.14.1+10-LTS, mixed mode, tiered, compressed oops, g1 gc, bsd-amd64)
Heap:
 garbage-first heap   total 262144K, used 28185K [0x0000000700000000, 0x0000000800000000)
  region size 1024K, 21 young (21504K), 2 survivors (2048K)
 Metaspace       used 22194K, capacity 22889K, committed 23088K, reserved 1069056K
  class space    used 2611K, capacity 2885K, committed 2944K, reserved 1048576K
GC Heap History (6 events):
Event: 2.649 GC heap before
{Heap before GC invocations=0 (full 0):
 garbage-first heap   total 262144K, used 24576K [0x0000000700000000, 0x0000000800000000)
  region size 1024K, 24 young (24576K), 0 survivors (0K)
 Metaspace       used 14486K, capacity 14920K, committed 15104K, reserved 1062912K
  class space    used 1529K, capacity 1709K, committed 1792K, reserved 1048576K
}
Event: 2.673 GC heap after
{Heap after GC invocations=1 (full 0):
 garbage-first heap   total 262144K, used 7903K [0x0000000700000000, 0x0000000800000000)
  region size 1024K, 3 young (3072K), 3 survivors (3072K)
 Metaspace       used 14486K, capacity 14920K, committed 15104K, reserved 1062912K
  class space    used 1529K, capacity 1709K, committed 1792K, reserved 1048576K
}
Event: 3.154 GC heap before
{Heap before GC invocations=1 (full 0):
 garbage-first heap   total 262144K, used 28383K [0x0000000700000000, 0x0000000800000000)
  region size 1024K, 24 young (24576K), 3 survivors (3072K)
 Metaspace       used 17695K, capacity 18282K, committed 18560K, reserved 1064960K
  class space    used 1946K, capacity 2176K, committed 2176K, reserved 1048576K
}
Event: 3.170 GC heap after
{Heap after GC invocations=2 (full 0):
 garbage-first heap   total 262144K, used 9103K [0x0000000700000000, 0x0000000800000000)
  region size 1024K, 1 young (1024K), 1 survivors (1024K)
 Metaspace       used 17695K, capacity 18282K, committed 18560K, reserved 1064960K
  class space    used 1946K, capacity 2176K, committed 2176K, reserved 1048576K
}
Event: 3.446 GC heap before
{Heap before GC invocations=2 (full 0):
 garbage-first heap   total 262144K, used 25487K [0x0000000700000000, 0x0000000800000000)
  region size 1024K, 19 young (19456K), 1 survivors (1024K)
 Metaspace       used 20425K, capacity 21123K, committed 21552K, reserved 1069056K
  class space    used 2339K, capacity 2619K, committed 2688K, reserved 1048576K
}
Event: 3.452 GC heap after
{Heap after GC invocations=3 (full 0):
 garbage-first heap   total 262144K, used 9753K [0x0000000700000000, 0x0000000800000000)
  region size 1024K, 2 young (2048K), 2 survivors (2048K)
 Metaspace       used 20425K, capacity 21123K, committed 21552K, reserved 1069056K
  class space    used 2339K, capacity 2619K, committed 2688K, reserved 1048576K
}

